<?xml version="1.0" encoding="utf-8" ?>
<!DOCTYPE html PUBLIC "-//W3C//DTD XHTML 1.0 Strict//EN"
        "http://www.w3.org/TR/xhtml1/DTD/xhtml1-strict.dtd">
<html xmlns="http://www.w3.org/1999/xhtml" xml:lang="" lang="">
<head>
  <title>Test Results Report - regression</title>
  <meta http-equiv="Content-Type" content="text/html;charset=utf-8" />
  <meta name="description" content="TestNG unit test results." />
  <link href="reportng.css" rel="stylesheet" type="text/css" />
    <script type="text/javascript" src="reportng.js"></script>
</head>
<body>
<h1>regression</h1>
<p>
  Test duration: 77.156s
</p>

  <table class="resultsTable configTable">
    <tr><th colspan="3" class="header failedConfig">Failed Configuration</th></tr>
              <tr class="group">
        <td colspan="3">cn.zhangxin.project.testcase.case_home_status</td>
      </tr>
            
<tr>
  <td class="method">
                  logoffManager
      </td>
  <td class="duration">
    0.000s
  </td>
  <td class="result">
        
    
        

        <a href="javascript:toggleElement('exception-0', 'block')" title="Click to expand/collapse"><b>java.lang.NullPointerException</b></a><br />
    <div class="stackTrace" id="exception-0">
              cn.zhangxin.project.bo.Bo_login.logoff(Bo_login.java:39)<br />
              cn.zhangxin.project.testcase.case_home_status.logoffManager(case_home_status.java:41)<br />
              sun.reflect.NativeMethodAccessorImpl.invoke0(Native Method)<br />
              sun.reflect.NativeMethodAccessorImpl.invoke(NativeMethodAccessorImpl.java:62)<br />
              sun.reflect.DelegatingMethodAccessorImpl.invoke(DelegatingMethodAccessorImpl.java:43)<br />
              java.lang.reflect.Method.invoke(Method.java:498)<br />
              org.testng.internal.MethodInvocationHelper.invokeMethod(MethodInvocationHelper.java:124)<br />
              org.testng.internal.MethodInvocationHelper.invokeMethodConsideringTimeout(MethodInvocationHelper.java:59)<br />
              org.testng.internal.Invoker.invokeConfigurationMethod(Invoker.java:458)<br />
              org.testng.internal.Invoker.invokeConfigurations(Invoker.java:222)<br />
              org.testng.internal.Invoker.invokeConfigurations(Invoker.java:142)<br />
              org.testng.internal.TestMethodWorker.invokeAfterClassMethods(TestMethodWorker.java:214)<br />
              org.testng.internal.TestMethodWorker.run(TestMethodWorker.java:111)<br />
              org.testng.TestRunner.privateRun(TestRunner.java:648)<br />
              org.testng.TestRunner.run(TestRunner.java:505)<br />
              org.testng.SuiteRunner.runTest(SuiteRunner.java:455)<br />
              org.testng.SuiteRunner.runSequentially(SuiteRunner.java:450)<br />
              org.testng.SuiteRunner.privateRun(SuiteRunner.java:415)<br />
              org.testng.SuiteRunner.run(SuiteRunner.java:364)<br />
              org.testng.SuiteRunnerWorker.runSuite(SuiteRunnerWorker.java:52)<br />
              org.testng.SuiteRunnerWorker.run(SuiteRunnerWorker.java:84)<br />
              org.testng.TestNG.runSuitesSequentially(TestNG.java:1208)<br />
              org.testng.TestNG.runSuitesLocally(TestNG.java:1137)<br />
              org.testng.TestNG.runSuites(TestNG.java:1049)<br />
              org.testng.TestNG.run(TestNG.java:1017)<br />
              org.testng.IDEARemoteTestNG.run(IDEARemoteTestNG.java:72)<br />
              org.testng.RemoteTestNGStarter.main(RemoteTestNGStarter.java:123)<br />
                </div>
      </td>
</tr>
          <tr class="group">
        <td colspan="3">cn.zhangxin.project.testcase.case_main</td>
      </tr>
            
<tr>
  <td class="method">
                  logoffManager
      </td>
  <td class="duration">
    48.705s
  </td>
  <td class="result">
        
    
        

        <a href="javascript:toggleElement('exception-1', 'block')" title="Click to expand/collapse"><b>org.openqa.selenium.NoSuchWindowException: Window not found. The browser window may have been closed.<br/>
Command duration or timeout: 6 milliseconds<br/>
Build info: version: &apos;2.35.0&apos;, revision: &apos;8df0c6bedf70ff9f22c647788f9fe9c8d22210e2&apos;, time: &apos;2013-08-17 12:46:41&apos;<br/>
System info: os.name: &apos;Mac OS X&apos;, os.arch: &apos;x86_64&apos;, os.version: &apos;10.12.6&apos;, java.version: &apos;1.8.0_101&apos;<br/>
Driver info: org.openqa.selenium.firefox.FirefoxDriver<br/>
Capabilities [{applicationCacheEnabled=true, rotatable=false, handlesAlerts=true, databaseEnabled=true, version=22.0, platform=MAC, browserConnectionEnabled=true, nativeEvents=false, acceptSslCerts=true, webStorageEnabled=true, locationContextEnabled=true, browserName=firefox, takesScreenshot=true, javascriptEnabled=true, cssSelectorsEnabled=true}]<br/>
Session ID: f763a436-b530-0f4c-b735-1e44c491f136</b></a><br />
    <div class="stackTrace" id="exception-1">
              sun.reflect.NativeConstructorAccessorImpl.newInstance0(Native Method)<br />
              sun.reflect.NativeConstructorAccessorImpl.newInstance(NativeConstructorAccessorImpl.java:62)<br />
              sun.reflect.DelegatingConstructorAccessorImpl.newInstance(DelegatingConstructorAccessorImpl.java:45)<br />
              java.lang.reflect.Constructor.newInstance(Constructor.java:423)<br />
              org.openqa.selenium.remote.ErrorHandler.createThrowable(ErrorHandler.java:191)<br />
              org.openqa.selenium.remote.ErrorHandler.throwIfResponseFailed(ErrorHandler.java:145)<br />
              org.openqa.selenium.remote.RemoteWebDriver.execute(RemoteWebDriver.java:554)<br />
              org.openqa.selenium.remote.RemoteWebDriver.findElement(RemoteWebDriver.java:307)<br />
              org.openqa.selenium.remote.RemoteWebDriver.findElementByClassName(RemoteWebDriver.java:388)<br />
              org.openqa.selenium.By$ByClassName.findElement(By.java:371)<br />
              org.openqa.selenium.remote.RemoteWebDriver.findElement(RemoteWebDriver.java:299)<br />
              cn.zhangxin.project.po.Po_main.clickLogoffButton(Po_main.java:74)<br />
              cn.zhangxin.project.bo.Bo_login.logoff(Bo_login.java:39)<br />
              cn.zhangxin.project.testcase.case_main.logoffManager(case_main.java:41)<br />
              sun.reflect.NativeMethodAccessorImpl.invoke0(Native Method)<br />
              sun.reflect.NativeMethodAccessorImpl.invoke(NativeMethodAccessorImpl.java:62)<br />
              sun.reflect.DelegatingMethodAccessorImpl.invoke(DelegatingMethodAccessorImpl.java:43)<br />
              java.lang.reflect.Method.invoke(Method.java:498)<br />
              org.testng.internal.MethodInvocationHelper.invokeMethod(MethodInvocationHelper.java:124)<br />
              org.testng.internal.MethodInvocationHelper.invokeMethodConsideringTimeout(MethodInvocationHelper.java:59)<br />
              org.testng.internal.Invoker.invokeConfigurationMethod(Invoker.java:458)<br />
              org.testng.internal.Invoker.invokeConfigurations(Invoker.java:222)<br />
              org.testng.internal.Invoker.invokeConfigurations(Invoker.java:142)<br />
              org.testng.internal.TestMethodWorker.invokeAfterClassMethods(TestMethodWorker.java:214)<br />
              org.testng.internal.TestMethodWorker.run(TestMethodWorker.java:111)<br />
              org.testng.TestRunner.privateRun(TestRunner.java:648)<br />
              org.testng.TestRunner.run(TestRunner.java:505)<br />
              org.testng.SuiteRunner.runTest(SuiteRunner.java:455)<br />
              org.testng.SuiteRunner.runSequentially(SuiteRunner.java:450)<br />
              org.testng.SuiteRunner.privateRun(SuiteRunner.java:415)<br />
              org.testng.SuiteRunner.run(SuiteRunner.java:364)<br />
              org.testng.SuiteRunnerWorker.runSuite(SuiteRunnerWorker.java:52)<br />
              org.testng.SuiteRunnerWorker.run(SuiteRunnerWorker.java:84)<br />
              org.testng.TestNG.runSuitesSequentially(TestNG.java:1208)<br />
              org.testng.TestNG.runSuitesLocally(TestNG.java:1137)<br />
              org.testng.TestNG.runSuites(TestNG.java:1049)<br />
              org.testng.TestNG.run(TestNG.java:1017)<br />
              org.testng.IDEARemoteTestNG.run(IDEARemoteTestNG.java:72)<br />
              org.testng.RemoteTestNGStarter.main(RemoteTestNGStarter.java:123)<br />
                    <b>Caused by: </b> <a href="javascript:toggleElement('exception-2', 'block')" title="Click to expand/collapse">org.openqa.selenium.remote.ErrorHandler$UnknownServerException: Window not found. The browser window may have been closed.<br/>
Build info: version: &apos;2.35.0&apos;, revision: &apos;8df0c6bedf70ff9f22c647788f9fe9c8d22210e2&apos;, time: &apos;2013-08-17 12:46:41&apos;<br/>
System info: os.name: &apos;Mac OS X&apos;, os.arch: &apos;x86_64&apos;, os.version: &apos;10.12.6&apos;, java.version: &apos;1.8.0_101&apos;<br/>
Driver info: driver.version: unknown</a><br />
        <div class="stackTrace" id="exception-2">
                      &lt;anonymous class&gt;.nsCommandProcessor.prototype.execute(file:///var/folders/jh/dqfs5mld09v1sltmg7qh1m440000gn/T/anonymous2886792700223356294webdriver-profile/extensions/fxdriver@googlecode.com/components/command_processor.js:10890)<br />
                      &lt;anonymous class&gt;.Dispatcher.executeAs/&lt;(file:///var/folders/jh/dqfs5mld09v1sltmg7qh1m440000gn/T/anonymous2886792700223356294webdriver-profile/extensions/fxdriver@googlecode.com/components/driver_component.js:7750)<br />
                      &lt;anonymous class&gt;.Resource.prototype.handle(file:///var/folders/jh/dqfs5mld09v1sltmg7qh1m440000gn/T/anonymous2886792700223356294webdriver-profile/extensions/fxdriver@googlecode.com/components/driver_component.js:7896)<br />
                      &lt;anonymous class&gt;.Dispatcher.prototype.dispatch(file:///var/folders/jh/dqfs5mld09v1sltmg7qh1m440000gn/T/anonymous2886792700223356294webdriver-profile/extensions/fxdriver@googlecode.com/components/driver_component.js:7843)<br />
                      &lt;anonymous class&gt;.WebDriverServer/&lt;.handle(file:///var/folders/jh/dqfs5mld09v1sltmg7qh1m440000gn/T/anonymous2886792700223356294webdriver-profile/extensions/fxdriver@googlecode.com/components/driver_component.js:10687)<br />
                      &lt;anonymous class&gt;.&lt;anonymous method&gt;(file:///var/folders/jh/dqfs5mld09v1sltmg7qh1m440000gn/T/anonymous2886792700223356294webdriver-profile/extensions/fxdriver@googlecode.com/components/httpd.js:1935)<br />
                      &lt;anonymous class&gt;.ServerHandler.prototype.handleResponse(file:///var/folders/jh/dqfs5mld09v1sltmg7qh1m440000gn/T/anonymous2886792700223356294webdriver-profile/extensions/fxdriver@googlecode.com/components/httpd.js:2261)<br />
                      &lt;anonymous class&gt;.Connection.prototype.process(file:///var/folders/jh/dqfs5mld09v1sltmg7qh1m440000gn/T/anonymous2886792700223356294webdriver-profile/extensions/fxdriver@googlecode.com/components/httpd.js:1168)<br />
                      &lt;anonymous class&gt;.RequestReader.prototype._handleResponse(file:///var/folders/jh/dqfs5mld09v1sltmg7qh1m440000gn/T/anonymous2886792700223356294webdriver-profile/extensions/fxdriver@googlecode.com/components/httpd.js:1616)<br />
                      &lt;anonymous class&gt;.RequestReader.prototype._processBody(file:///var/folders/jh/dqfs5mld09v1sltmg7qh1m440000gn/T/anonymous2886792700223356294webdriver-profile/extensions/fxdriver@googlecode.com/components/httpd.js:1464)<br />
                      &lt;anonymous class&gt;.RequestReader.prototype.onInputStreamReady(file:///var/folders/jh/dqfs5mld09v1sltmg7qh1m440000gn/T/anonymous2886792700223356294webdriver-profile/extensions/fxdriver@googlecode.com/components/httpd.js:1333)<br />
                  </div>
          </div>
      </td>
</tr>
    
      </table>


  <table class="resultsTable">
    <tr><th colspan="3" class="header failed">Failed Tests</th></tr>
          <tr>
        <td colspan="3" class="group">cn.zhangxin.project.testcase.case_homePage</td>
      </tr>
            
<tr>
  <td class="method">
                  testHomeNavigation
      </td>
  <td class="duration">
    0.001s
  </td>
  <td class="result">
        
    
        

        <a href="javascript:toggleElement('exception-3', 'block')" title="Click to expand/collapse"><b>java.lang.NullPointerException</b></a><br />
    <div class="stackTrace" id="exception-3">
              cn.zhangxin.project.bo.Bo_home.navToHomePhotos(Bo_home.java:33)<br />
              cn.zhangxin.project.testcase.case_homePage.testHomeNavigation(case_homePage.java:47)<br />
              sun.reflect.NativeMethodAccessorImpl.invoke0(Native Method)<br />
              sun.reflect.NativeMethodAccessorImpl.invoke(NativeMethodAccessorImpl.java:62)<br />
              sun.reflect.DelegatingMethodAccessorImpl.invoke(DelegatingMethodAccessorImpl.java:43)<br />
              java.lang.reflect.Method.invoke(Method.java:498)<br />
              org.testng.internal.MethodInvocationHelper.invokeMethod(MethodInvocationHelper.java:124)<br />
              org.testng.internal.Invoker.invokeMethod(Invoker.java:583)<br />
              org.testng.internal.Invoker.invokeTestMethod(Invoker.java:719)<br />
              org.testng.internal.Invoker.invokeTestMethods(Invoker.java:989)<br />
              org.testng.internal.TestMethodWorker.invokeTestMethods(TestMethodWorker.java:125)<br />
              org.testng.internal.TestMethodWorker.run(TestMethodWorker.java:109)<br />
              org.testng.TestRunner.privateRun(TestRunner.java:648)<br />
              org.testng.TestRunner.run(TestRunner.java:505)<br />
              org.testng.SuiteRunner.runTest(SuiteRunner.java:455)<br />
              org.testng.SuiteRunner.runSequentially(SuiteRunner.java:450)<br />
              org.testng.SuiteRunner.privateRun(SuiteRunner.java:415)<br />
              org.testng.SuiteRunner.run(SuiteRunner.java:364)<br />
              org.testng.SuiteRunnerWorker.runSuite(SuiteRunnerWorker.java:52)<br />
              org.testng.SuiteRunnerWorker.run(SuiteRunnerWorker.java:84)<br />
              org.testng.TestNG.runSuitesSequentially(TestNG.java:1208)<br />
              org.testng.TestNG.runSuitesLocally(TestNG.java:1137)<br />
              org.testng.TestNG.runSuites(TestNG.java:1049)<br />
              org.testng.TestNG.run(TestNG.java:1017)<br />
              org.testng.IDEARemoteTestNG.run(IDEARemoteTestNG.java:72)<br />
              org.testng.RemoteTestNGStarter.main(RemoteTestNGStarter.java:123)<br />
                </div>
      </td>
</tr>
<tr>
  <td class="method">
                  testPublishStatus
      </td>
  <td class="duration">
    0.000s
  </td>
  <td class="result">
        
          <i>Method arguments: </i><span class="arguments">"开心"</span><br />
    
        

        <a href="javascript:toggleElement('exception-4', 'block')" title="Click to expand/collapse"><b>java.lang.NullPointerException</b></a><br />
    <div class="stackTrace" id="exception-4">
              cn.zhangxin.project.bo.Bo_home.publishStatus(Bo_home.java:27)<br />
              cn.zhangxin.project.testcase.case_homePage.testPublishStatus(case_homePage.java:35)<br />
              sun.reflect.NativeMethodAccessorImpl.invoke0(Native Method)<br />
              sun.reflect.NativeMethodAccessorImpl.invoke(NativeMethodAccessorImpl.java:62)<br />
              sun.reflect.DelegatingMethodAccessorImpl.invoke(DelegatingMethodAccessorImpl.java:43)<br />
              java.lang.reflect.Method.invoke(Method.java:498)<br />
              org.testng.internal.MethodInvocationHelper.invokeMethod(MethodInvocationHelper.java:124)<br />
              org.testng.internal.Invoker.invokeMethod(Invoker.java:583)<br />
              org.testng.internal.Invoker.invokeTestMethod(Invoker.java:719)<br />
              org.testng.internal.Invoker.invokeTestMethods(Invoker.java:989)<br />
              org.testng.internal.TestMethodWorker.invokeTestMethods(TestMethodWorker.java:125)<br />
              org.testng.internal.TestMethodWorker.run(TestMethodWorker.java:109)<br />
              org.testng.TestRunner.privateRun(TestRunner.java:648)<br />
              org.testng.TestRunner.run(TestRunner.java:505)<br />
              org.testng.SuiteRunner.runTest(SuiteRunner.java:455)<br />
              org.testng.SuiteRunner.runSequentially(SuiteRunner.java:450)<br />
              org.testng.SuiteRunner.privateRun(SuiteRunner.java:415)<br />
              org.testng.SuiteRunner.run(SuiteRunner.java:364)<br />
              org.testng.SuiteRunnerWorker.runSuite(SuiteRunnerWorker.java:52)<br />
              org.testng.SuiteRunnerWorker.run(SuiteRunnerWorker.java:84)<br />
              org.testng.TestNG.runSuitesSequentially(TestNG.java:1208)<br />
              org.testng.TestNG.runSuitesLocally(TestNG.java:1137)<br />
              org.testng.TestNG.runSuites(TestNG.java:1049)<br />
              org.testng.TestNG.run(TestNG.java:1017)<br />
              org.testng.IDEARemoteTestNG.run(IDEARemoteTestNG.java:72)<br />
              org.testng.RemoteTestNGStarter.main(RemoteTestNGStarter.java:123)<br />
                </div>
      </td>
</tr>
<tr>
  <td class="method">
                  testPublishStatus
      </td>
  <td class="duration">
    0.001s
  </td>
  <td class="result">
        
          <i>Method arguments: </i><span class="arguments">"哈哈哈"</span><br />
    
        

        <a href="javascript:toggleElement('exception-5', 'block')" title="Click to expand/collapse"><b>java.lang.NullPointerException</b></a><br />
    <div class="stackTrace" id="exception-5">
              cn.zhangxin.project.bo.Bo_home.publishStatus(Bo_home.java:27)<br />
              cn.zhangxin.project.testcase.case_homePage.testPublishStatus(case_homePage.java:35)<br />
              sun.reflect.NativeMethodAccessorImpl.invoke0(Native Method)<br />
              sun.reflect.NativeMethodAccessorImpl.invoke(NativeMethodAccessorImpl.java:62)<br />
              sun.reflect.DelegatingMethodAccessorImpl.invoke(DelegatingMethodAccessorImpl.java:43)<br />
              java.lang.reflect.Method.invoke(Method.java:498)<br />
              org.testng.internal.MethodInvocationHelper.invokeMethod(MethodInvocationHelper.java:124)<br />
              org.testng.internal.Invoker.invokeMethod(Invoker.java:583)<br />
              org.testng.internal.Invoker.invokeTestMethod(Invoker.java:719)<br />
              org.testng.internal.Invoker.invokeTestMethods(Invoker.java:989)<br />
              org.testng.internal.TestMethodWorker.invokeTestMethods(TestMethodWorker.java:125)<br />
              org.testng.internal.TestMethodWorker.run(TestMethodWorker.java:109)<br />
              org.testng.TestRunner.privateRun(TestRunner.java:648)<br />
              org.testng.TestRunner.run(TestRunner.java:505)<br />
              org.testng.SuiteRunner.runTest(SuiteRunner.java:455)<br />
              org.testng.SuiteRunner.runSequentially(SuiteRunner.java:450)<br />
              org.testng.SuiteRunner.privateRun(SuiteRunner.java:415)<br />
              org.testng.SuiteRunner.run(SuiteRunner.java:364)<br />
              org.testng.SuiteRunnerWorker.runSuite(SuiteRunnerWorker.java:52)<br />
              org.testng.SuiteRunnerWorker.run(SuiteRunnerWorker.java:84)<br />
              org.testng.TestNG.runSuitesSequentially(TestNG.java:1208)<br />
              org.testng.TestNG.runSuitesLocally(TestNG.java:1137)<br />
              org.testng.TestNG.runSuites(TestNG.java:1049)<br />
              org.testng.TestNG.run(TestNG.java:1017)<br />
              org.testng.IDEARemoteTestNG.run(IDEARemoteTestNG.java:72)<br />
              org.testng.RemoteTestNGStarter.main(RemoteTestNGStarter.java:123)<br />
                </div>
      </td>
</tr>
          <tr>
        <td colspan="3" class="group">cn.zhangxin.project.testcase.case_home_status</td>
      </tr>
            
<tr>
  <td class="method">
                  testHomeStatus
      </td>
  <td class="duration">
    0.001s
  </td>
  <td class="result">
        
    
        

        <a href="javascript:toggleElement('exception-6', 'block')" title="Click to expand/collapse"><b>java.lang.NullPointerException</b></a><br />
    <div class="stackTrace" id="exception-6">
              cn.zhangxin.project.bo.Bo_home_status.getStatus(Bo_home_status.java:26)<br />
              cn.zhangxin.project.testcase.case_home_status.testHomeStatus(case_home_status.java:47)<br />
              sun.reflect.NativeMethodAccessorImpl.invoke0(Native Method)<br />
              sun.reflect.NativeMethodAccessorImpl.invoke(NativeMethodAccessorImpl.java:62)<br />
              sun.reflect.DelegatingMethodAccessorImpl.invoke(DelegatingMethodAccessorImpl.java:43)<br />
              java.lang.reflect.Method.invoke(Method.java:498)<br />
              org.testng.internal.MethodInvocationHelper.invokeMethod(MethodInvocationHelper.java:124)<br />
              org.testng.internal.Invoker.invokeMethod(Invoker.java:583)<br />
              org.testng.internal.Invoker.invokeTestMethod(Invoker.java:719)<br />
              org.testng.internal.Invoker.invokeTestMethods(Invoker.java:989)<br />
              org.testng.internal.TestMethodWorker.invokeTestMethods(TestMethodWorker.java:125)<br />
              org.testng.internal.TestMethodWorker.run(TestMethodWorker.java:109)<br />
              org.testng.TestRunner.privateRun(TestRunner.java:648)<br />
              org.testng.TestRunner.run(TestRunner.java:505)<br />
              org.testng.SuiteRunner.runTest(SuiteRunner.java:455)<br />
              org.testng.SuiteRunner.runSequentially(SuiteRunner.java:450)<br />
              org.testng.SuiteRunner.privateRun(SuiteRunner.java:415)<br />
              org.testng.SuiteRunner.run(SuiteRunner.java:364)<br />
              org.testng.SuiteRunnerWorker.runSuite(SuiteRunnerWorker.java:52)<br />
              org.testng.SuiteRunnerWorker.run(SuiteRunnerWorker.java:84)<br />
              org.testng.TestNG.runSuitesSequentially(TestNG.java:1208)<br />
              org.testng.TestNG.runSuitesLocally(TestNG.java:1137)<br />
              org.testng.TestNG.runSuites(TestNG.java:1049)<br />
              org.testng.TestNG.run(TestNG.java:1017)<br />
              org.testng.IDEARemoteTestNG.run(IDEARemoteTestNG.java:72)<br />
              org.testng.RemoteTestNGStarter.main(RemoteTestNGStarter.java:123)<br />
                </div>
      </td>
</tr>
          <tr>
        <td colspan="3" class="group">cn.zhangxin.project.testcase.case_main</td>
      </tr>
            
<tr>
  <td class="method">
                  testNavigation
      </td>
  <td class="duration">
    0.025s
  </td>
  <td class="result">
        
    
        

        <a href="javascript:toggleElement('exception-7', 'block')" title="Click to expand/collapse"><b>org.openqa.selenium.ElementNotVisibleException: Element is not currently visible and so may not be interacted with<br/>
Command duration or timeout: 9 milliseconds<br/>
Build info: version: &apos;2.35.0&apos;, revision: &apos;8df0c6bedf70ff9f22c647788f9fe9c8d22210e2&apos;, time: &apos;2013-08-17 12:46:41&apos;<br/>
System info: os.name: &apos;Mac OS X&apos;, os.arch: &apos;x86_64&apos;, os.version: &apos;10.12.6&apos;, java.version: &apos;1.8.0_101&apos;<br/>
Driver info: org.openqa.selenium.firefox.FirefoxDriver<br/>
Capabilities [{applicationCacheEnabled=true, rotatable=false, handlesAlerts=true, databaseEnabled=true, version=22.0, platform=MAC, browserConnectionEnabled=true, nativeEvents=false, acceptSslCerts=true, webStorageEnabled=true, locationContextEnabled=true, browserName=firefox, takesScreenshot=true, javascriptEnabled=true, cssSelectorsEnabled=true}]<br/>
Session ID: f763a436-b530-0f4c-b735-1e44c491f136</b></a><br />
    <div class="stackTrace" id="exception-7">
              sun.reflect.NativeConstructorAccessorImpl.newInstance0(Native Method)<br />
              sun.reflect.NativeConstructorAccessorImpl.newInstance(NativeConstructorAccessorImpl.java:62)<br />
              sun.reflect.DelegatingConstructorAccessorImpl.newInstance(DelegatingConstructorAccessorImpl.java:45)<br />
              java.lang.reflect.Constructor.newInstance(Constructor.java:423)<br />
              org.openqa.selenium.remote.ErrorHandler.createThrowable(ErrorHandler.java:191)<br />
              org.openqa.selenium.remote.ErrorHandler.throwIfResponseFailed(ErrorHandler.java:145)<br />
              org.openqa.selenium.remote.RemoteWebDriver.execute(RemoteWebDriver.java:554)<br />
              org.openqa.selenium.remote.RemoteWebElement.execute(RemoteWebElement.java:268)<br />
              org.openqa.selenium.remote.RemoteWebElement.click(RemoteWebElement.java:79)<br />
              cn.zhangxin.project.po.Po_main.clickMyPhotosTab(Po_main.java:69)<br />
              cn.zhangxin.project.bo.Bo_main.navToMyPhotos(Bo_main.java:27)<br />
              cn.zhangxin.project.testcase.case_main.testNavigation(case_main.java:58)<br />
              sun.reflect.NativeMethodAccessorImpl.invoke0(Native Method)<br />
              sun.reflect.NativeMethodAccessorImpl.invoke(NativeMethodAccessorImpl.java:62)<br />
              sun.reflect.DelegatingMethodAccessorImpl.invoke(DelegatingMethodAccessorImpl.java:43)<br />
              java.lang.reflect.Method.invoke(Method.java:498)<br />
              org.testng.internal.MethodInvocationHelper.invokeMethod(MethodInvocationHelper.java:124)<br />
              org.testng.internal.Invoker.invokeMethod(Invoker.java:583)<br />
              org.testng.internal.Invoker.invokeTestMethod(Invoker.java:719)<br />
              org.testng.internal.Invoker.invokeTestMethods(Invoker.java:989)<br />
              org.testng.internal.TestMethodWorker.invokeTestMethods(TestMethodWorker.java:125)<br />
              org.testng.internal.TestMethodWorker.run(TestMethodWorker.java:109)<br />
              org.testng.TestRunner.privateRun(TestRunner.java:648)<br />
              org.testng.TestRunner.run(TestRunner.java:505)<br />
              org.testng.SuiteRunner.runTest(SuiteRunner.java:455)<br />
              org.testng.SuiteRunner.runSequentially(SuiteRunner.java:450)<br />
              org.testng.SuiteRunner.privateRun(SuiteRunner.java:415)<br />
              org.testng.SuiteRunner.run(SuiteRunner.java:364)<br />
              org.testng.SuiteRunnerWorker.runSuite(SuiteRunnerWorker.java:52)<br />
              org.testng.SuiteRunnerWorker.run(SuiteRunnerWorker.java:84)<br />
              org.testng.TestNG.runSuitesSequentially(TestNG.java:1208)<br />
              org.testng.TestNG.runSuitesLocally(TestNG.java:1137)<br />
              org.testng.TestNG.runSuites(TestNG.java:1049)<br />
              org.testng.TestNG.run(TestNG.java:1017)<br />
              org.testng.IDEARemoteTestNG.run(IDEARemoteTestNG.java:72)<br />
              org.testng.RemoteTestNGStarter.main(RemoteTestNGStarter.java:123)<br />
                    <b>Caused by: </b> <a href="javascript:toggleElement('exception-8', 'block')" title="Click to expand/collapse">org.openqa.selenium.remote.ErrorHandler$UnknownServerException: Element is not currently visible and so may not be interacted with<br/>
Build info: version: &apos;2.35.0&apos;, revision: &apos;8df0c6bedf70ff9f22c647788f9fe9c8d22210e2&apos;, time: &apos;2013-08-17 12:46:41&apos;<br/>
System info: os.name: &apos;Mac OS X&apos;, os.arch: &apos;x86_64&apos;, os.version: &apos;10.12.6&apos;, java.version: &apos;1.8.0_101&apos;<br/>
Driver info: driver.version: unknown</a><br />
        <div class="stackTrace" id="exception-8">
                      &lt;anonymous class&gt;.fxdriver.preconditions.visible(file:///var/folders/jh/dqfs5mld09v1sltmg7qh1m440000gn/T/anonymous2886792700223356294webdriver-profile/extensions/fxdriver@googlecode.com/components/command_processor.js:8231)<br />
                      &lt;anonymous class&gt;.DelayedCommand.prototype.checkPreconditions_(file:///var/folders/jh/dqfs5mld09v1sltmg7qh1m440000gn/T/anonymous2886792700223356294webdriver-profile/extensions/fxdriver@googlecode.com/components/command_processor.js:10800)<br />
                      &lt;anonymous class&gt;.DelayedCommand.prototype.executeInternal_/h(file:///var/folders/jh/dqfs5mld09v1sltmg7qh1m440000gn/T/anonymous2886792700223356294webdriver-profile/extensions/fxdriver@googlecode.com/components/command_processor.js:10817)<br />
                      &lt;anonymous class&gt;.DelayedCommand.prototype.executeInternal_(file:///var/folders/jh/dqfs5mld09v1sltmg7qh1m440000gn/T/anonymous2886792700223356294webdriver-profile/extensions/fxdriver@googlecode.com/components/command_processor.js:10822)<br />
                      &lt;anonymous class&gt;.DelayedCommand.prototype.execute/&lt;(file:///var/folders/jh/dqfs5mld09v1sltmg7qh1m440000gn/T/anonymous2886792700223356294webdriver-profile/extensions/fxdriver@googlecode.com/components/command_processor.js:10764)<br />
                  </div>
          </div>
      </td>
</tr>
      </table>


  <table class="resultsTable">
    <tr><th colspan="3" class="header passed">Passed Tests</th></tr>
          <tr>
        <td colspan="3" class="group">cn.zhangxin.project.testcase.case_main</td>
      </tr>
            
<tr>
  <td class="method">
                  testGetActivity
      </td>
  <td class="duration">
    0.822s
  </td>
  <td class="result">
        
    
        

      </td>
</tr>
      </table>
  
</body>
</html>
